d:\강의자료\2022년도[제주대]\1학기\[2]학부3-컴퓨터그래픽스[조교-허지식]\12주차[20220525]\11prac_lighting[학생용]\project1\prac01\prac01\debug\vc142.pdb
d:\강의자료\2022년도[제주대]\1학기\[2]학부3-컴퓨터그래픽스[조교-허지식]\12주차[20220525]\11prac_lighting[학생용]\project1\prac01\prac01\debug\vc142.idb
d:\강의자료\2022년도[제주대]\1학기\[2]학부3-컴퓨터그래픽스[조교-허지식]\12주차[20220525]\11prac_lighting[학생용]\project1\prac01\prac01\debug\trackball.obj
d:\강의자료\2022년도[제주대]\1학기\[2]학부3-컴퓨터그래픽스[조교-허지식]\12주차[20220525]\11prac_lighting[학생용]\project1\prac01\prac01\debug\prac01.obj
d:\강의자료\2022년도[제주대]\1학기\[2]학부3-컴퓨터그래픽스[조교-허지식]\12주차[20220525]\11prac_lighting[학생용]\project1\prac01\debug\prac01.exe
d:\강의자료\2022년도[제주대]\1학기\[2]학부3-컴퓨터그래픽스[조교-허지식]\12주차[20220525]\11prac_lighting[학생용]\project1\prac01\prac01\debug\prac01.ilk
d:\강의자료\2022년도[제주대]\1학기\[2]학부3-컴퓨터그래픽스[조교-허지식]\12주차[20220525]\11prac_lighting[학생용]\project1\prac01\debug\prac01.pdb
d:\강의자료\2022년도[제주대]\1학기\[2]학부3-컴퓨터그래픽스[조교-허지식]\12주차[20220525]\11prac_lighting[학생용]\project1\prac01\prac01\debug\prac01.res
d:\강의자료\2023년도[제주대]\1학기\[2]학부3-컴퓨터그래픽스[조교-이형근]\12주차[20230518]\11prac_lighting[학생용]\project1\prac01\prac01\debug\prac01.obj
d:\강의자료\2023년도[제주대]\1학기\[2]학부3-컴퓨터그래픽스[조교-이형근]\12주차[20230518]\11prac_lighting[학생용]\project1\prac01\prac01\debug\trackball.obj
d:\강의자료\2023년도[제주대]\1학기\[2]학부3-컴퓨터그래픽스[조교-이형근]\12주차[20230518]\11prac_lighting[학생용]\project1\prac01\prac01\debug\prac01.ilk
d:\강의자료\2023년도[제주대]\1학기\[2]학부3-컴퓨터그래픽스[조교-이형근]\12주차[20230518]\11prac_lighting[학생용]\project1\prac01\prac01\debug\prac01.res
d:\강의자료\2023년도[제주대]\1학기\[2]학부3-컴퓨터그래픽스[조교-이형근]\12주차[20230518]\11prac_lighting[학생용]\project1\prac01\prac01\debug\vc142.idb
d:\강의자료\2023년도[제주대]\1학기\[2]학부3-컴퓨터그래픽스[조교-이형근]\12주차[20230518]\11prac_lighting[학생용]\project1\prac01\prac01\debug\vc142.pdb
d:\강의자료\2023년도[제주대]\1학기\[2]학부3-컴퓨터그래픽스[조교-이형근]\12주차[20230518]\11prac_lighting[학생용]\project1\prac01\debug\prac01.pdb
d:\강의자료\2023년도[제주대]\1학기\[2]학부3-컴퓨터그래픽스[조교-이형근]\12주차[20230518]\11prac_lighting[학생용]\project1\prac01\debug\prac01.exe
d:\강의자료\2023년도[제주대]\1학기\[2]학부3-컴퓨터그래픽스[조교-이형근]\12주차[20230518]\11prac_lighting[학생용]\project1\prac01\prac01\debug\prac01.tlog\cl.command.1.tlog
d:\강의자료\2023년도[제주대]\1학기\[2]학부3-컴퓨터그래픽스[조교-이형근]\12주차[20230518]\11prac_lighting[학생용]\project1\prac01\prac01\debug\prac01.tlog\cl.read.1.tlog
d:\강의자료\2023년도[제주대]\1학기\[2]학부3-컴퓨터그래픽스[조교-이형근]\12주차[20230518]\11prac_lighting[학생용]\project1\prac01\prac01\debug\prac01.tlog\cl.write.1.tlog
d:\강의자료\2023년도[제주대]\1학기\[2]학부3-컴퓨터그래픽스[조교-이형근]\12주차[20230518]\11prac_lighting[학생용]\project1\prac01\prac01\debug\prac01.tlog\link.command.1.tlog
d:\강의자료\2023년도[제주대]\1학기\[2]학부3-컴퓨터그래픽스[조교-이형근]\12주차[20230518]\11prac_lighting[학생용]\project1\prac01\prac01\debug\prac01.tlog\link.read.1.tlog
d:\강의자료\2023년도[제주대]\1학기\[2]학부3-컴퓨터그래픽스[조교-이형근]\12주차[20230518]\11prac_lighting[학생용]\project1\prac01\prac01\debug\prac01.tlog\link.write.1.tlog
d:\강의자료\2023년도[제주대]\1학기\[2]학부3-컴퓨터그래픽스[조교-이형근]\12주차[20230518]\11prac_lighting[학생용]\project1\prac01\prac01\debug\prac01.tlog\rc.command.1.tlog
d:\강의자료\2023년도[제주대]\1학기\[2]학부3-컴퓨터그래픽스[조교-이형근]\12주차[20230518]\11prac_lighting[학생용]\project1\prac01\prac01\debug\prac01.tlog\rc.read.1.tlog
d:\강의자료\2023년도[제주대]\1학기\[2]학부3-컴퓨터그래픽스[조교-이형근]\12주차[20230518]\11prac_lighting[학생용]\project1\prac01\prac01\debug\prac01.tlog\rc.write.1.tlog
